1737047937.494035 client started (25202): version 3.5a, socket /private/tmp/tmux-502/default, protocol 8
1737047937.494086 on Darwin 23.5.0 Darwin Kernel Version 23.5.0: Wed May  1 20:19:05 PDT 2024; root:xnu-10063.121.3~5/RELEASE_ARM64_T8112
1737047937.494099 using libevent 2.1.12-stable select
1737047937.494373 using utf8proc 2.10.0
1737047937.494393 using ncurses 6.5 20240427
1737047937.494411 flags are 0x10010000
1737047937.494419 socket is /private/tmp/tmux-502/default
1737047937.494430 trying connect
1737047937.494469 add peer 0x150048000: 6 (0x0)
1737047937.495998 sending message 111 to peer 0x150048000 (8 bytes)
1737047937.496013 sending message 111 to peer 0x150048000 (8 bytes)
1737047937.496020 sending message 101 to peer 0x150048000 (12 bytes)
1737047937.496027 sending message 109 to peer 0x150048000 (4 bytes)
1737047937.496033 sending message 102 to peer 0x150048000 (13 bytes)
1737047937.496040 sending message 108 to peer 0x150048000 (31 bytes)
1737047937.496046 sending message 112 to peer 0x150048000 (70 bytes)
1737047937.496051 sending message 112 to peer 0x150048000 (5 bytes)
1737047937.496057 sending message 112 to peer 0x150048000 (6 bytes)
1737047937.496062 sending message 112 to peer 0x150048000 (6 bytes)
1737047937.496067 sending message 112 to peer 0x150048000 (10 bytes)
1737047937.496073 sending message 112 to peer 0x150048000 (13 bytes)
1737047937.496078 sending message 112 to peer 0x150048000 (14 bytes)
1737047937.496084 sending message 112 to peer 0x150048000 (19 bytes)
1737047937.496089 sending message 112 to peer 0x150048000 (11 bytes)
1737047937.496094 sending message 112 to peer 0x150048000 (10 bytes)
1737047937.496099 sending message 112 to peer 0x150048000 (15 bytes)
1737047937.496105 sending message 112 to peer 0x150048000 (21 bytes)
1737047937.496110 sending message 112 to peer 0x150048000 (13 bytes)
1737047937.496116 sending message 112 to peer 0x150048000 (7 bytes)
1737047937.496121 sending message 112 to peer 0x150048000 (13 bytes)
1737047937.496127 sending message 112 to peer 0x150048000 (7 bytes)
1737047937.496132 sending message 112 to peer 0x150048000 (13 bytes)
1737047937.496137 sending message 112 to peer 0x150048000 (9 bytes)
1737047937.496143 sending message 112 to peer 0x150048000 (21 bytes)
1737047937.496148 sending message 112 to peer 0x150048000 (13 bytes)
1737047937.496153 sending message 112 to peer 0x150048000 (9 bytes)
1737047937.496158 sending message 112 to peer 0x150048000 (16 bytes)
1737047937.496164 sending message 112 to peer 0x150048000 (13 bytes)
1737047937.496169 sending message 112 to peer 0x150048000 (9 bytes)
1737047937.496174 sending message 112 to peer 0x150048000 (9 bytes)
1737047937.496180 sending message 112 to peer 0x150048000 (12 bytes)
1737047937.496185 sending message 112 to peer 0x150048000 (8 bytes)
1737047937.496190 sending message 112 to peer 0x150048000 (13 bytes)
1737047937.496195 sending message 112 to peer 0x150048000 (7 bytes)
1737047937.496201 sending message 112 to peer 0x150048000 (7 bytes)
1737047937.496206 sending message 112 to peer 0x150048000 (9 bytes)
1737047937.496211 sending message 112 to peer 0x150048000 (6 bytes)
1737047937.496217 sending message 112 to peer 0x150048000 (9 bytes)
1737047937.496222 sending message 112 to peer 0x150048000 (15 bytes)
1737047937.496227 sending message 112 to peer 0x150048000 (13 bytes)
1737047937.496232 sending message 112 to peer 0x150048000 (12 bytes)
1737047937.496238 sending message 112 to peer 0x150048000 (8 bytes)
1737047937.496243 sending message 112 to peer 0x150048000 (14 bytes)
1737047937.496248 sending message 112 to peer 0x150048000 (9 bytes)
1737047937.496253 sending message 112 to peer 0x150048000 (10 bytes)
1737047937.496259 sending message 112 to peer 0x150048000 (10 bytes)
1737047937.496264 sending message 112 to peer 0x150048000 (10 bytes)
1737047937.496269 sending message 112 to peer 0x150048000 (10 bytes)
1737047937.496274 sending message 112 to peer 0x150048000 (11 bytes)
1737047937.496279 sending message 112 to peer 0x150048000 (12 bytes)
1737047937.496285 sending message 112 to peer 0x150048000 (12 bytes)
1737047937.496308 sending message 112 to peer 0x150048000 (12 bytes)
1737047937.496312 sending message 112 to peer 0x150048000 (12 bytes)
1737047937.496316 sending message 112 to peer 0x150048000 (12 bytes)
1737047937.496319 sending message 112 to peer 0x150048000 (11 bytes)
1737047937.496323 sending message 112 to peer 0x150048000 (11 bytes)
1737047937.496326 sending message 112 to peer 0x150048000 (12 bytes)
1737047937.496330 sending message 112 to peer 0x150048000 (12 bytes)
1737047937.496333 sending message 112 to peer 0x150048000 (12 bytes)
1737047937.496336 sending message 112 to peer 0x150048000 (12 bytes)
1737047937.496340 sending message 112 to peer 0x150048000 (12 bytes)
1737047937.496343 sending message 112 to peer 0x150048000 (9 bytes)
1737047937.496347 sending message 112 to peer 0x150048000 (12 bytes)
1737047937.496350 sending message 112 to peer 0x150048000 (13 bytes)
1737047937.496354 sending message 112 to peer 0x150048000 (13 bytes)
1737047937.496357 sending message 112 to peer 0x150048000 (13 bytes)
1737047937.496361 sending message 112 to peer 0x150048000 (13 bytes)
1737047937.496364 sending message 112 to peer 0x150048000 (13 bytes)
1737047937.496368 sending message 112 to peer 0x150048000 (8 bytes)
1737047937.496371 sending message 112 to peer 0x150048000 (11 bytes)
1737047937.496375 sending message 112 to peer 0x150048000 (11 bytes)
1737047937.496378 sending message 112 to peer 0x150048000 (11 bytes)
1737047937.496381 sending message 112 to peer 0x150048000 (12 bytes)
1737047937.496385 sending message 112 to peer 0x150048000 (12 bytes)
1737047937.496388 sending message 112 to peer 0x150048000 (13 bytes)
1737047937.496392 sending message 112 to peer 0x150048000 (12 bytes)
1737047937.496395 sending message 112 to peer 0x150048000 (13 bytes)
1737047937.496399 sending message 112 to peer 0x150048000 (13 bytes)
1737047937.496402 sending message 112 to peer 0x150048000 (13 bytes)
1737047937.496406 sending message 112 to peer 0x150048000 (8 bytes)
1737047937.496409 sending message 112 to peer 0x150048000 (13 bytes)
1737047937.496413 sending message 112 to peer 0x150048000 (13 bytes)
1737047937.496416 sending message 112 to peer 0x150048000 (13 bytes)
1737047937.496419 sending message 112 to peer 0x150048000 (13 bytes)
1737047937.496423 sending message 112 to peer 0x150048000 (13 bytes)
1737047937.496426 sending message 112 to peer 0x150048000 (12 bytes)
1737047937.496430 sending message 112 to peer 0x150048000 (12 bytes)
1737047937.496434 sending message 112 to peer 0x150048000 (13 bytes)
1737047937.496437 sending message 112 to peer 0x150048000 (12 bytes)
1737047937.496440 sending message 112 to peer 0x150048000 (13 bytes)
1737047937.496444 sending message 112 to peer 0x150048000 (8 bytes)
1737047937.496447 sending message 112 to peer 0x150048000 (13 bytes)
1737047937.496451 sending message 112 to peer 0x150048000 (13 bytes)
1737047937.496454 sending message 112 to peer 0x150048000 (13 bytes)
1737047937.496458 sending message 112 to peer 0x150048000 (13 bytes)
1737047937.496461 sending message 112 to peer 0x150048000 (13 bytes)
1737047937.496464 sending message 112 to peer 0x150048000 (13 bytes)
1737047937.496468 sending message 112 to peer 0x150048000 (13 bytes)
1737047937.496471 sending message 112 to peer 0x150048000 (12 bytes)
1737047937.496475 sending message 112 to peer 0x150048000 (12 bytes)
1737047937.496478 sending message 112 to peer 0x150048000 (13 bytes)
1737047937.496482 sending message 112 to peer 0x150048000 (8 bytes)
1737047937.496485 sending message 112 to peer 0x150048000 (12 bytes)
1737047937.496488 sending message 112 to peer 0x150048000 (13 bytes)
1737047937.496492 sending message 112 to peer 0x150048000 (13 bytes)
1737047937.496495 sending message 112 to peer 0x150048000 (13 bytes)
1737047937.496499 sending message 112 to peer 0x150048000 (13 bytes)
1737047937.496502 sending message 112 to peer 0x150048000 (13 bytes)
1737047937.496506 sending message 112 to peer 0x150048000 (13 bytes)
1737047937.496509 sending message 112 to peer 0x150048000 (13 bytes)
1737047937.496520 sending message 112 to peer 0x150048000 (13 bytes)
1737047937.496524 sending message 112 to peer 0x150048000 (12 bytes)
1737047937.496528 sending message 112 to peer 0x150048000 (10 bytes)
1737047937.496532 sending message 112 to peer 0x150048000 (12 bytes)
1737047937.496535 sending message 112 to peer 0x150048000 (13 bytes)
1737047937.496539 sending message 112 to peer 0x150048000 (12 bytes)
1737047937.496542 sending message 112 to peer 0x150048000 (13 bytes)
1737047937.496546 sending message 112 to peer 0x150048000 (13 bytes)
1737047937.496549 sending message 112 to peer 0x150048000 (13 bytes)
1737047937.496553 sending message 112 to peer 0x150048000 (13 bytes)
1737047937.496556 sending message 112 to peer 0x150048000 (13 bytes)
1737047937.496560 sending message 112 to peer 0x150048000 (13 bytes)
1737047937.496563 sending message 112 to peer 0x150048000 (13 bytes)
1737047937.496567 sending message 112 to peer 0x150048000 (10 bytes)
1737047937.496570 sending message 112 to peer 0x150048000 (13 bytes)
1737047937.496574 sending message 112 to peer 0x150048000 (12 bytes)
1737047937.496577 sending message 112 to peer 0x150048000 (12 bytes)
1737047937.496580 sending message 112 to peer 0x150048000 (13 bytes)
1737047937.496584 sending message 112 to peer 0x150048000 (10 bytes)
1737047937.496587 sending message 112 to peer 0x150048000 (10 bytes)
1737047937.496591 sending message 112 to peer 0x150048000 (10 bytes)
1737047937.496594 sending message 112 to peer 0x150048000 (12 bytes)
1737047937.496598 sending message 112 to peer 0x150048000 (13 bytes)
1737047937.496601 sending message 112 to peer 0x150048000 (13 bytes)
1737047937.496605 sending message 112 to peer 0x150048000 (13 bytes)
1737047937.496608 sending message 112 to peer 0x150048000 (13 bytes)
1737047937.496611 sending message 112 to peer 0x150048000 (13 bytes)
1737047937.496615 sending message 112 to peer 0x150048000 (10 bytes)
1737047937.496618 sending message 112 to peer 0x150048000 (11 bytes)
1737047937.496622 sending message 112 to peer 0x150048000 (12 bytes)
1737047937.496625 sending message 112 to peer 0x150048000 (12 bytes)
1737047937.496629 sending message 112 to peer 0x150048000 (12 bytes)
1737047937.496632 sending message 112 to peer 0x150048000 (12 bytes)
1737047937.496636 sending message 112 to peer 0x150048000 (12 bytes)
1737047937.496639 sending message 112 to peer 0x150048000 (11 bytes)
1737047937.496642 sending message 112 to peer 0x150048000 (12 bytes)
1737047937.496646 sending message 112 to peer 0x150048000 (12 bytes)
1737047937.496649 sending message 112 to peer 0x150048000 (13 bytes)
1737047937.496653 sending message 112 to peer 0x150048000 (13 bytes)
1737047937.496656 sending message 112 to peer 0x150048000 (13 bytes)
1737047937.496660 sending message 112 to peer 0x150048000 (13 bytes)
1737047937.496663 sending message 112 to peer 0x150048000 (13 bytes)
1737047937.496667 sending message 112 to peer 0x150048000 (10 bytes)
1737047937.496670 sending message 112 to peer 0x150048000 (9 bytes)
1737047937.496674 sending message 112 to peer 0x150048000 (12 bytes)
1737047937.496677 sending message 112 to peer 0x150048000 (13 bytes)
1737047937.496681 sending message 112 to peer 0x150048000 (13 bytes)
1737047937.496684 sending message 112 to peer 0x150048000 (13 bytes)
1737047937.496687 sending message 112 to peer 0x150048000 (13 bytes)
1737047937.496691 sending message 112 to peer 0x150048000 (13 bytes)
1737047937.496694 sending message 112 to peer 0x150048000 (9 bytes)
1737047937.496698 sending message 112 to peer 0x150048000 (12 bytes)
1737047937.496701 sending message 112 to peer 0x150048000 (13 bytes)
1737047937.496705 sending message 112 to peer 0x150048000 (13 bytes)
1737047937.496708 sending message 112 to peer 0x150048000 (13 bytes)
1737047937.496711 sending message 112 to peer 0x150048000 (13 bytes)
1737047937.496715 sending message 112 to peer 0x150048000 (13 bytes)
1737047937.496718 sending message 112 to peer 0x150048000 (11 bytes)
1737047937.496722 sending message 112 to peer 0x150048000 (12 bytes)
1737047937.496725 sending message 112 to peer 0x150048000 (13 bytes)
1737047937.496735 sending message 112 to peer 0x150048000 (13 bytes)
1737047937.496738 sending message 112 to peer 0x150048000 (13 bytes)
1737047937.496742 sending message 112 to peer 0x150048000 (13 bytes)
1737047937.496745 sending message 112 to peer 0x150048000 (13 bytes)
1737047937.496749 sending message 112 to peer 0x150048000 (11 bytes)
1737047937.496752 sending message 112 to peer 0x150048000 (12 bytes)
1737047937.496756 sending message 112 to peer 0x150048000 (12 bytes)
1737047937.496759 sending message 112 to peer 0x150048000 (12 bytes)
1737047937.496763 sending message 112 to peer 0x150048000 (12 bytes)
1737047937.496766 sending message 112 to peer 0x150048000 (12 bytes)
1737047937.496769 sending message 112 to peer 0x150048000 (22 bytes)
1737047937.496773 sending message 112 to peer 0x150048000 (12 bytes)
1737047937.496776 sending message 112 to peer 0x150048000 (9 bytes)
1737047937.496780 sending message 112 to peer 0x150048000 (6 bytes)
1737047937.496783 sending message 112 to peer 0x150048000 (13 bytes)
1737047937.496787 sending message 112 to peer 0x150048000 (10 bytes)
1737047937.496790 sending message 112 to peer 0x150048000 (15 bytes)
1737047937.496794 sending message 112 to peer 0x150048000 (11 bytes)
1737047937.496797 sending message 112 to peer 0x150048000 (9 bytes)
1737047937.496801 sending message 112 to peer 0x150048000 (70 bytes)
1737047937.496804 sending message 112 to peer 0x150048000 (69 bytes)
1737047937.496808 sending message 112 to peer 0x150048000 (34 bytes)
1737047937.496811 sending message 112 to peer 0x150048000 (34 bytes)
1737047937.496815 sending message 112 to peer 0x150048000 (69 bytes)
1737047937.496818 sending message 112 to peer 0x150048000 (12 bytes)
1737047937.496821 sending message 112 to peer 0x150048000 (10 bytes)
1737047937.496825 sending message 112 to peer 0x150048000 (10 bytes)
1737047937.496828 sending message 112 to peer 0x150048000 (15 bytes)
1737047937.496832 sending message 112 to peer 0x150048000 (11 bytes)
1737047937.496835 sending message 112 to peer 0x150048000 (10 bytes)
1737047937.496839 sending message 112 to peer 0x150048000 (10 bytes)
1737047937.496842 sending message 112 to peer 0x150048000 (17 bytes)
1737047937.496846 sending message 112 to peer 0x150048000 (10 bytes)
1737047937.496849 sending message 112 to peer 0x150048000 (13 bytes)
1737047937.496853 sending message 112 to peer 0x150048000 (17 bytes)
1737047937.496856 sending message 112 to peer 0x150048000 (5 bytes)
1737047937.496860 sending message 112 to peer 0x150048000 (9 bytes)
1737047937.496863 sending message 112 to peer 0x150048000 (15 bytes)
1737047937.496867 sending message 104 to peer 0x150048000 (0 bytes)
1737047937.496871 sending message 110 to peer 0x150048000 (0 bytes)
1737047937.496875 sending message 107 to peer 0x150048000 (4 bytes)
1737047937.496878 sending message 105 to peer 0x150048000 (35 bytes)
1737047937.496882 sending message 105 to peer 0x150048000 (26 bytes)
1737047937.496885 sending message 105 to peer 0x150048000 (24 bytes)
1737047937.496889 sending message 105 to peer 0x150048000 (24 bytes)
1737047937.496892 sending message 105 to peer 0x150048000 (19 bytes)
1737047937.496896 sending message 105 to peer 0x150048000 (16 bytes)
1737047937.496899 sending message 105 to peer 0x150048000 (25 bytes)
1737047937.496903 sending message 105 to peer 0x150048000 (17 bytes)
1737047937.496906 sending message 105 to peer 0x150048000 (24 bytes)
1737047937.496910 sending message 105 to peer 0x150048000 (26 bytes)
1737047937.496913 sending message 105 to peer 0x150048000 (27 bytes)
1737047937.496917 sending message 105 to peer 0x150048000 (24 bytes)
1737047937.496920 sending message 105 to peer 0x150048000 (22 bytes)
1737047937.496924 sending message 105 to peer 0x150048000 (34 bytes)
1737047937.496927 sending message 105 to peer 0x150048000 (26 bytes)
1737047937.496931 sending message 105 to peer 0x150048000 (25 bytes)
1737047937.496934 sending message 105 to peer 0x150048000 (13 bytes)
1737047937.496938 sending message 105 to peer 0x150048000 (25 bytes)
1737047937.496956 sending message 105 to peer 0x150048000 (26 bytes)
1737047937.496960 sending message 105 to peer 0x150048000 (78 bytes)
1737047937.496964 sending message 105 to peer 0x150048000 (23 bytes)
1737047937.496967 sending message 105 to peer 0x150048000 (7 bytes)
1737047937.496971 sending message 105 to peer 0x150048000 (30 bytes)
1737047937.496974 sending message 105 to peer 0x150048000 (29 bytes)
1737047937.496978 sending message 105 to peer 0x150048000 (35 bytes)
1737047937.496981 sending message 105 to peer 0x150048000 (24 bytes)
1737047937.496985 sending message 105 to peer 0x150048000 (57 bytes)
1737047937.496988 sending message 105 to peer 0x150048000 (22 bytes)
1737047937.496992 sending message 105 to peer 0x150048000 (19 bytes)
1737047937.496995 sending message 105 to peer 0x150048000 (26 bytes)
1737047937.496999 sending message 105 to peer 0x150048000 (34 bytes)
1737047937.497012 sending message 105 to peer 0x150048000 (123 bytes)
1737047937.497016 sending message 105 to peer 0x150048000 (26 bytes)
1737047937.497019 sending message 105 to peer 0x150048000 (30 bytes)
1737047937.497023 sending message 105 to peer 0x150048000 (18 bytes)
1737047937.497026 sending message 105 to peer 0x150048000 (33 bytes)
1737047937.497030 sending message 105 to peer 0x150048000 (60 bytes)
1737047937.497033 sending message 105 to peer 0x150048000 (16 bytes)
1737047937.497037 sending message 105 to peer 0x150048000 (42 bytes)
1737047937.497040 sending message 105 to peer 0x150048000 (43 bytes)
1737047937.497044 sending message 105 to peer 0x150048000 (23 bytes)
1737047937.497047 sending message 105 to peer 0x150048000 (11 bytes)
1737047937.497051 sending message 105 to peer 0x150048000 (29 bytes)
1737047937.497054 sending message 105 to peer 0x150048000 (73 bytes)
1737047937.497058 sending message 105 to peer 0x150048000 (25 bytes)
1737047937.497061 sending message 105 to peer 0x150048000 (65 bytes)
1737047937.497065 sending message 105 to peer 0x150048000 (20 bytes)
1737047937.497068 sending message 105 to peer 0x150048000 (57 bytes)
1737047937.497072 sending message 105 to peer 0x150048000 (1556 bytes)
1737047937.497076 sending message 105 to peer 0x150048000 (17 bytes)
1737047937.497080 sending message 105 to peer 0x150048000 (34 bytes)
1737047937.497083 sending message 105 to peer 0x150048000 (41 bytes)
1737047937.497087 sending message 105 to peer 0x150048000 (42 bytes)
1737047937.497090 sending message 105 to peer 0x150048000 (639 bytes)
1737047937.497094 sending message 105 to peer 0x150048000 (72 bytes)
1737047937.497098 sending message 105 to peer 0x150048000 (38 bytes)
1737047937.497101 sending message 105 to peer 0x150048000 (16 bytes)
1737047937.497105 sending message 105 to peer 0x150048000 (66 bytes)
1737047937.497108 sending message 105 to peer 0x150048000 (14 bytes)
1737047937.497112 sending message 105 to peer 0x150048000 (28 bytes)
1737047937.497115 sending message 105 to peer 0x150048000 (49 bytes)
1737047937.497119 sending message 105 to peer 0x150048000 (9 bytes)
1737047937.497122 sending message 105 to peer 0x150048000 (92 bytes)
1737047937.497126 sending message 105 to peer 0x150048000 (19 bytes)
1737047937.497129 sending message 105 to peer 0x150048000 (17 bytes)
1737047937.497133 sending message 105 to peer 0x150048000 (60 bytes)
1737047937.497136 sending message 105 to peer 0x150048000 (8 bytes)
1737047937.497140 sending message 105 to peer 0x150048000 (29 bytes)
1737047937.497143 sending message 105 to peer 0x150048000 (23 bytes)
1737047937.497147 sending message 105 to peer 0x150048000 (203 bytes)
1737047937.497150 sending message 105 to peer 0x150048000 (13 bytes)
1737047937.497154 sending message 105 to peer 0x150048000 (14 bytes)
1737047937.497157 sending message 105 to peer 0x150048000 (20 bytes)
1737047937.497161 sending message 105 to peer 0x150048000 (73 bytes)
1737047937.497164 sending message 105 to peer 0x150048000 (17 bytes)
1737047937.497168 sending message 105 to peer 0x150048000 (18 bytes)
1737047937.497171 sending message 105 to peer 0x150048000 (42 bytes)
1737047937.497174 sending message 105 to peer 0x150048000 (27 bytes)
1737047937.497184 sending message 105 to peer 0x150048000 (30 bytes)
1737047937.497188 sending message 105 to peer 0x150048000 (67 bytes)
1737047937.497191 sending message 105 to peer 0x150048000 (22 bytes)
1737047937.497195 sending message 105 to peer 0x150048000 (22 bytes)
1737047937.497198 sending message 105 to peer 0x150048000 (44 bytes)
1737047937.497202 sending message 105 to peer 0x150048000 (20 bytes)
1737047937.497206 sending message 105 to peer 0x150048000 (14 bytes)
1737047937.497209 sending message 106 to peer 0x150048000 (0 bytes)
1737047937.497281 sending message 200 to peer 0x150048000 (4 bytes)
1737047937.497287 client loop enter
1737047937.497546 peer 0x150048000 message 303
1737047937.497555 open write file 2 -
1737047937.497566 sending message 305 to peer 0x150048000 (8 bytes)
1737047937.497578 write check file 2
1737047937.497595 peer 0x150048000 message 304
1737047937.497599 write 58 to file 2
1737047937.497604 peer 0x150048000 message 203
1737047937.497608 file 2 58 bytes left
1737047937.497618 write check file 2
1737047937.497622 client loop exit
